<?xml version="1.0" encoding="utf-8"?><testsuites name="pytest tests"><testsuite name="pytest" errors="0" failures="0" skipped="0" tests="16" time="8.258" timestamp="2026-03-12T21:08:43.504233+00:00" hostname="agent-env-b62578cb-9c46-4240-bc1f-9939e13f89bf"><testcase classname="backend.tests.test_new_features.TestHealthCheck" name="test_health_endpoint" time="0.161" /><testcase classname="backend.tests.test_new_features.TestAuthentication" name="test_admin_login" time="0.384" /><testcase classname="backend.tests.test_new_features.TestDizimistaNewFields" name="test_create_dizimista_with_new_fields" time="0.457" /><testcase classname="backend.tests.test_new_features.TestDizimistaNewFields" name="test_update_dizimista_new_fields" time="0.674" /><testcase classname="backend.tests.test_new_features.TestDizimistaFilters" name="test_list_all_dizimistas" time="0.527" /><testcase classname="backend.tests.test_new_features.TestDizimistaFilters" name="test_filter_by_status" time="0.489" /><testcase classname="backend.tests.test_new_features.TestDizimistaFilters" name="test_filter_by_nota" time="0.489" /><testcase classname="backend.tests.test_new_features.TestDizimistaFilters" name="test_filter_by_birthday_month" time="0.439" /><testcase classname="backend.tests.test_new_features.TestExportWithFilters" name="test_export_all" time="0.518" /><testcase classname="backend.tests.test_new_features.TestExportWithFilters" name="test_export_with_status_filter" time="0.640" /><testcase classname="backend.tests.test_new_features.TestExportWithFilters" name="test_export_with_nota_filter" time="0.518" /><testcase classname="backend.tests.test_new_features.TestExportWithFilters" name="test_export_with_multiple_filters" time="0.522" /><testcase classname="backend.tests.test_new_features.TestDashboardFilters" name="test_resumo_without_filters" time="0.443" /><testcase classname="backend.tests.test_new_features.TestDashboardFilters" name="test_resumo_with_status_filter" time="0.533" /><testcase classname="backend.tests.test_new_features.TestDashboardFilters" name="test_resumo_with_nota_filter" time="0.470" /><testcase classname="backend.tests.test_new_features.TestCleanup" name="test_cleanup_test_dizimistas" time="0.882" /></testsuite></testsuites>