<?xml version="1.0" encoding="utf-8"?><testsuites name="pytest tests"><testsuite name="pytest" errors="0" failures="0" skipped="0" tests="17" time="2.796" timestamp="2026-05-07T21:46:24.213297+00:00" hostname="agent-env-09180eeb-e28c-449d-9cf3-56b628b9f8e0"><testcase classname="backend.tests.test_refactor_backend.TestHealth" name="test_health_endpoint" time="0.262" /><testcase classname="backend.tests.test_refactor_backend.TestAuth" name="test_login_success" time="0.315" /><testcase classname="backend.tests.test_refactor_backend.TestAuth" name="test_login_invalid" time="0.293" /><testcase classname="backend.tests.test_refactor_backend.TestAuth" name="test_me_requires_token" time="0.065" /><testcase classname="backend.tests.test_refactor_backend.TestAuth" name="test_me_with_token" time="0.357" /><testcase classname="backend.tests.test_refactor_backend.TestUsers" name="test_list_users_admin" time="0.067" /><testcase classname="backend.tests.test_refactor_backend.TestDizimistas" name="test_list_returns_200" time="0.110" /><testcase classname="backend.tests.test_refactor_backend.TestDizimistas" name="test_template_excel_download" time="0.081" /><testcase classname="backend.tests.test_refactor_backend.TestDizimistas" name="test_export_excel_download" time="0.113" /><testcase classname="backend.tests.test_refactor_backend.TestContribuicoes" name="test_list_contribuicoes" time="0.068" /><testcase classname="backend.tests.test_refactor_backend.TestContribuicoes" name="test_create_invalid_valor_zero_returns_422" time="0.183" /><testcase classname="backend.tests.test_refactor_backend.TestContribuicoes" name="test_create_invalid_negative_returns_422" time="0.065" /><testcase classname="backend.tests.test_refactor_backend.TestContribuicoes" name="test_create_and_delete_contribuicao_with_sync" time="0.350" /><testcase classname="backend.tests.test_refactor_backend.TestContribuicoes" name="test_sincronizar_valores_mensais_admin" time="0.070" /><testcase classname="backend.tests.test_refactor_backend.TestValoresMensais" name="test_list" time="0.075" /><testcase classname="backend.tests.test_refactor_backend.TestRelatorios" name="test_resumo_structure" time="0.070" /><testcase classname="backend.tests.test_refactor_backend.TestRelatorios" name="test_relatorio_contribuicoes" time="0.066" /></testsuite></testsuites>